\BOOKMARK [0][-]{chapter.1}{\376\377\0001\000\040\000B\000a\000c\000h\000e\000l\000o\000r\000-\000T\000h\000e\000s\000i\000s\000-\000P\000r\000o\000j\000e\000c\000t}{}% 1
\BOOKMARK [1][-]{section.1.1}{\376\377\0001\000.\0001\000\040\000B\000u\000i\000l\000d\000\040\000I\000n\000s\000t\000r\000u\000c\000t\000i\000o\000n\000s}{chapter.1}% 2
\BOOKMARK [1][-]{section.1.2}{\376\377\0001\000.\0002\000\040\000P\000P\000M\000u\000n\000c\000h\000k\000i\000n\000T\000u\000t\000\040\000F\000u\000n\000c\000t\000i\000o\000n\000s}{chapter.1}% 3
\BOOKMARK [1][-]{section.1.3}{\376\377\0001\000.\0003\000\040\000D\000a\000t\000a\000\040\000G\000e\000n\000e\000r\000a\000t\000o\000r}{chapter.1}% 4
\BOOKMARK [1][-]{section.1.4}{\376\377\0001\000.\0004\000\040\000R\000u\000n\000\040\000T\000e\000s\000t\000s}{chapter.1}% 5
\BOOKMARK [1][-]{section.1.5}{\376\377\0001\000.\0005\000\040\000T\000u\000t\000o\000r\000i\000a\000l\000\040\000F\000u\000n\000c\000t\000i\000o\000n\000s}{chapter.1}% 6
\BOOKMARK [0][-]{chapter.2}{\376\377\0002\000\040\000N\000a\000m\000e\000s\000p\000a\000c\000e\000\040\000I\000n\000d\000e\000x}{}% 7
\BOOKMARK [1][-]{section.2.1}{\376\377\0002\000.\0001\000\040\000N\000a\000m\000e\000s\000p\000a\000c\000e\000\040\000L\000i\000s\000t}{chapter.2}% 8
\BOOKMARK [0][-]{chapter.3}{\376\377\0003\000\040\000C\000l\000a\000s\000s\000\040\000I\000n\000d\000e\000x}{}% 9
\BOOKMARK [1][-]{section.3.1}{\376\377\0003\000.\0001\000\040\000C\000l\000a\000s\000s\000\040\000L\000i\000s\000t}{chapter.3}% 10
\BOOKMARK [0][-]{chapter.4}{\376\377\0004\000\040\000F\000i\000l\000e\000\040\000I\000n\000d\000e\000x}{}% 11
\BOOKMARK [1][-]{section.4.1}{\376\377\0004\000.\0001\000\040\000F\000i\000l\000e\000\040\000L\000i\000s\000t}{chapter.4}% 12
\BOOKMARK [0][-]{chapter.5}{\376\377\0005\000\040\000N\000a\000m\000e\000s\000p\000a\000c\000e\000\040\000D\000o\000c\000u\000m\000e\000n\000t\000a\000t\000i\000o\000n}{}% 13
\BOOKMARK [1][-]{section.5.1}{\376\377\0005\000.\0001\000\040\000b\000a\000d\000t\000h\000i\000n\000g\000s\000\040\000N\000a\000m\000e\000s\000p\000a\000c\000e\000\040\000R\000e\000f\000e\000r\000e\000n\000c\000e}{chapter.5}% 14
\BOOKMARK [2][-]{subsection.5.1.1}{\376\377\0005\000.\0001\000.\0001\000\040\000D\000e\000t\000a\000i\000l\000e\000d\000\040\000D\000e\000s\000c\000r\000i\000p\000t\000i\000o\000n}{section.5.1}% 15
\BOOKMARK [2][-]{subsection.5.1.2}{\376\377\0005\000.\0001\000.\0002\000\040\000F\000u\000n\000c\000t\000i\000o\000n\000\040\000D\000o\000c\000u\000m\000e\000n\000t\000a\000t\000i\000o\000n}{section.5.1}% 16
\BOOKMARK [3][-]{subsubsection.5.1.2.1}{\376\377\0005\000.\0001\000.\0002\000.\0001\000\040\000e\000m\000p\000t\000y\000B\000a\000d\000T\000h\000i\000n\000g\000s\000\050\000\051}{subsection.5.1.2}% 17
\BOOKMARK [3][-]{subsubsection.5.1.2.2}{\376\377\0005\000.\0001\000.\0002\000.\0002\000\040\000l\000o\000o\000s\000e\000C\000l\000a\000s\000s\000\050\000\051}{subsection.5.1.2}% 18
\BOOKMARK [3][-]{subsubsection.5.1.2.3}{\376\377\0005\000.\0001\000.\0002\000.\0003\000\040\000l\000o\000o\000s\000e\000H\000a\000n\000d\000\050\000\051}{subsection.5.1.2}% 19
\BOOKMARK [3][-]{subsubsection.5.1.2.4}{\376\377\0005\000.\0001\000.\0002\000.\0004\000\040\000l\000o\000o\000s\000e\000L\000e\000v\000e\000l\000\050\000\051}{subsection.5.1.2}% 20
\BOOKMARK [3][-]{subsubsection.5.1.2.5}{\376\377\0005\000.\0001\000.\0002\000.\0005\000\040\000m\000a\000l\000e\000D\000e\000a\000d\000F\000e\000m\000a\000l\000e\000L\000e\000v\000e\000l\000D\000o\000w\000n\000\050\000\051}{subsection.5.1.2}% 21
\BOOKMARK [3][-]{subsubsection.5.1.2.6}{\376\377\0005\000.\0001\000.\0002\000.\0006\000\040\000p\000l\000a\000y\000e\000r\000D\000i\000e\000s\000\050\000\051}{subsection.5.1.2}% 22
\BOOKMARK [1][-]{section.5.2}{\376\377\0005\000.\0002\000\040\000c\000a\000r\000d\000t\000y\000p\000e\000a\000c\000t\000i\000o\000n\000\040\000N\000a\000m\000e\000s\000p\000a\000c\000e\000\040\000R\000e\000f\000e\000r\000e\000n\000c\000e}{chapter.5}% 23
\BOOKMARK [2][-]{subsection.5.2.1}{\376\377\0005\000.\0002\000.\0001\000\040\000D\000e\000t\000a\000i\000l\000e\000d\000\040\000D\000e\000s\000c\000r\000i\000p\000t\000i\000o\000n}{section.5.2}% 24
\BOOKMARK [2][-]{subsection.5.2.2}{\376\377\0005\000.\0002\000.\0002\000\040\000F\000u\000n\000c\000t\000i\000o\000n\000\040\000D\000o\000c\000u\000m\000e\000n\000t\000a\000t\000i\000o\000n}{section.5.2}% 25
\BOOKMARK [3][-]{subsubsection.5.2.2.1}{\376\377\0005\000.\0002\000.\0002\000.\0001\000\040\000c\000u\000r\000s\000e\000\050\000\051}{subsection.5.2.2}% 26
\BOOKMARK [3][-]{subsubsection.5.2.2.2}{\376\377\0005\000.\0002\000.\0002\000.\0002\000\040\000i\000t\000e\000m\000\050\000\051}{subsection.5.2.2}% 27
\BOOKMARK [3][-]{subsubsection.5.2.2.3}{\376\377\0005\000.\0002\000.\0002\000.\0003\000\040\000i\000t\000e\000m\000B\000u\000f\000f\000\050\000\051}{subsection.5.2.2}% 28
\BOOKMARK [3][-]{subsubsection.5.2.2.4}{\376\377\0005\000.\0002\000.\0002\000.\0004\000\040\000j\000o\000k\000e\000r\000\050\000\051}{subsection.5.2.2}% 29
\BOOKMARK [3][-]{subsubsection.5.2.2.5}{\376\377\0005\000.\0002\000.\0002\000.\0005\000\040\000l\000v\000l\000U\000p\000\050\000\051}{subsection.5.2.2}% 30
\BOOKMARK [3][-]{subsubsection.5.2.2.6}{\376\377\0005\000.\0002\000.\0002\000.\0006\000\040\000m\000o\000n\000s\000t\000e\000r\000\050\000\051}{subsection.5.2.2}% 31
\BOOKMARK [3][-]{subsubsection.5.2.2.7}{\376\377\0005\000.\0002\000.\0002\000.\0007\000\040\000m\000u\000n\000c\000h\000C\000l\000a\000s\000s\000\050\000\051}{subsection.5.2.2}% 32
\BOOKMARK [3][-]{subsubsection.5.2.2.8}{\376\377\0005\000.\0002\000.\0002\000.\0008\000\040\000r\000a\000c\000e\000\050\000\051}{subsection.5.2.2}% 33
\BOOKMARK [1][-]{section.5.3}{\376\377\0005\000.\0003\000\040\000c\000o\000n\000s\000t\000a\000n\000t\000s\000\040\000N\000a\000m\000e\000s\000p\000a\000c\000e\000\040\000R\000e\000f\000e\000r\000e\000n\000c\000e}{chapter.5}% 34
\BOOKMARK [2][-]{subsection.5.3.1}{\376\377\0005\000.\0003\000.\0001\000\040\000V\000a\000r\000i\000a\000b\000l\000e\000\040\000D\000o\000c\000u\000m\000e\000n\000t\000a\000t\000i\000o\000n}{section.5.3}% 35
\BOOKMARK [3][-]{subsubsection.5.3.1.1}{\376\377\0005\000.\0003\000.\0001\000.\0001\000\040\000y\000o\000l\000o\000\137\000g\000r\000i\000d\000\137\000s\000i\000z\000e}{subsection.5.3.1}% 36
\BOOKMARK [1][-]{section.5.4}{\376\377\0005\000.\0004\000\040\000e\000x\000t\000r\000a\000s\000\040\000N\000a\000m\000e\000s\000p\000a\000c\000e\000\040\000R\000e\000f\000e\000r\000e\000n\000c\000e}{chapter.5}% 37
\BOOKMARK [1][-]{section.5.5}{\376\377\0005\000.\0005\000\040\000m\000u\000n\000c\000h\000\137\000t\000u\000t\000\040\000N\000a\000m\000e\000s\000p\000a\000c\000e\000\040\000R\000e\000f\000e\000r\000e\000n\000c\000e}{chapter.5}% 38
\BOOKMARK [2][-]{subsection.5.5.1}{\376\377\0005\000.\0005\000.\0001\000\040\000D\000e\000t\000a\000i\000l\000e\000d\000\040\000D\000e\000s\000c\000r\000i\000p\000t\000i\000o\000n}{section.5.5}% 39
\BOOKMARK [2][-]{subsection.5.5.2}{\376\377\0005\000.\0005\000.\0002\000\040\000T\000y\000p\000e\000d\000e\000f\000\040\000D\000o\000c\000u\000m\000e\000n\000t\000a\000t\000i\000o\000n}{section.5.5}% 40
\BOOKMARK [3][-]{subsubsection.5.5.2.1}{\376\377\0005\000.\0005\000.\0002\000.\0001\000\040\000C\000o\000l\000o\000r}{subsection.5.5.2}% 41
\BOOKMARK [0][-]{chapter.6}{\376\377\0006\000\040\000C\000l\000a\000s\000s\000\040\000D\000o\000c\000u\000m\000e\000n\000t\000a\000t\000i\000o\000n}{}% 42
\BOOKMARK [1][-]{section.6.1}{\376\377\0006\000.\0001\000\040\000B\000a\000d\000T\000h\000i\000n\000g\000s\000R\000e\000t\000V\000a\000l\000\040\000S\000t\000r\000u\000c\000t\000\040\000R\000e\000f\000e\000r\000e\000n\000c\000e}{chapter.6}% 43
\BOOKMARK [1][-]{section.6.2}{\376\377\0006\000.\0002\000\040\000B\000u\000t\000t\000o\000n\000\040\000C\000l\000a\000s\000s\000\040\000R\000e\000f\000e\000r\000e\000n\000c\000e}{chapter.6}% 44
\BOOKMARK [2][-]{subsection.6.2.1}{\376\377\0006\000.\0002\000.\0001\000\040\000D\000e\000t\000a\000i\000l\000e\000d\000\040\000D\000e\000s\000c\000r\000i\000p\000t\000i\000o\000n}{section.6.2}% 45
\BOOKMARK [2][-]{subsection.6.2.2}{\376\377\0006\000.\0002\000.\0002\000\040\000C\000o\000n\000s\000t\000r\000u\000c\000t\000o\000r\000\040\000\046\000\040\000D\000e\000s\000t\000r\000u\000c\000t\000o\000r\000\040\000D\000o\000c\000u\000m\000e\000n\000t\000a\000t\000i\000o\000n}{section.6.2}% 46
\BOOKMARK [3][-]{subsubsection.6.2.2.1}{\376\377\0006\000.\0002\000.\0002\000.\0001\000\040\000B\000u\000t\000t\000o\000n\000\050\000\051\000\040\000[\0001\000/\0003\000]}{subsection.6.2.2}% 47
\BOOKMARK [3][-]{subsubsection.6.2.2.2}{\376\377\0006\000.\0002\000.\0002\000.\0002\000\040\000B\000u\000t\000t\000o\000n\000\050\000\051\000\040\000[\0002\000/\0003\000]}{subsection.6.2.2}% 48
\BOOKMARK [3][-]{subsubsection.6.2.2.3}{\376\377\0006\000.\0002\000.\0002\000.\0003\000\040\000B\000u\000t\000t\000o\000n\000\050\000\051\000\040\000[\0003\000/\0003\000]}{subsection.6.2.2}% 49
\BOOKMARK [2][-]{subsection.6.2.3}{\376\377\0006\000.\0002\000.\0003\000\040\000M\000e\000m\000b\000e\000r\000\040\000F\000u\000n\000c\000t\000i\000o\000n\000\040\000D\000o\000c\000u\000m\000e\000n\000t\000a\000t\000i\000o\000n}{section.6.2}% 50
\BOOKMARK [3][-]{subsubsection.6.2.3.1}{\376\377\0006\000.\0002\000.\0003\000.\0001\000\040\000d\000r\000a\000w\000\050\000\051}{subsection.6.2.3}% 51
\BOOKMARK [3][-]{subsubsection.6.2.3.2}{\376\377\0006\000.\0002\000.\0003\000.\0002\000\040\000o\000p\000e\000r\000a\000t\000o\000r\000=\000\050\000\051\000\040\000[\0001\000/\0002\000]}{subsection.6.2.3}% 52
\BOOKMARK [3][-]{subsubsection.6.2.3.3}{\376\377\0006\000.\0002\000.\0003\000.\0003\000\040\000o\000p\000e\000r\000a\000t\000o\000r\000=\000\050\000\051\000\040\000[\0002\000/\0002\000]}{subsection.6.2.3}% 53
\BOOKMARK [3][-]{subsubsection.6.2.3.4}{\376\377\0006\000.\0002\000.\0003\000.\0004\000\040\000p\000o\000l\000l\000\137\000c\000l\000i\000c\000k\000\050\000\051}{subsection.6.2.3}% 54
\BOOKMARK [2][-]{subsection.6.2.4}{\376\377\0006\000.\0002\000.\0004\000\040\000M\000e\000m\000b\000e\000r\000\040\000D\000a\000t\000a\000\040\000D\000o\000c\000u\000m\000e\000n\000t\000a\000t\000i\000o\000n}{section.6.2}% 55
\BOOKMARK [3][-]{subsubsection.6.2.4.1}{\376\377\0006\000.\0002\000.\0004\000.\0001\000\040\000c\000a\000l\000l\000b\000a\000c\000k}{subsection.6.2.4}% 56
\BOOKMARK [3][-]{subsubsection.6.2.4.2}{\376\377\0006\000.\0002\000.\0004\000.\0002\000\040\000c\000o\000l\000o\000r}{subsection.6.2.4}% 57
\BOOKMARK [3][-]{subsubsection.6.2.4.3}{\376\377\0006\000.\0002\000.\0004\000.\0003\000\040\000i\000d}{subsection.6.2.4}% 58
\BOOKMARK [3][-]{subsubsection.6.2.4.4}{\376\377\0006\000.\0002\000.\0004\000.\0004\000\040\000o\000r\000i\000g\000i\000n}{subsection.6.2.4}% 59
\BOOKMARK [3][-]{subsubsection.6.2.4.5}{\376\377\0006\000.\0002\000.\0004\000.\0005\000\040\000r\000e\000c\000t}{subsection.6.2.4}% 60
\BOOKMARK [3][-]{subsubsection.6.2.4.6}{\376\377\0006\000.\0002\000.\0004\000.\0006\000\040\000v\000i\000s\000i\000b\000l\000e}{subsection.6.2.4}% 61
\BOOKMARK [1][-]{section.6.3}{\376\377\0006\000.\0003\000\040\000C\000a\000r\000d\000T\000y\000p\000e\000R\000e\000t\000V\000a\000l\000\040\000S\000t\000r\000u\000c\000t\000\040\000R\000e\000f\000e\000r\000e\000n\000c\000e}{chapter.6}% 62
\BOOKMARK [1][-]{section.6.4}{\376\377\0006\000.\0004\000\040\000E\000x\000t\000r\000a\000s\000R\000e\000t\000V\000a\000l\000\040\000S\000t\000r\000u\000c\000t\000\040\000R\000e\000f\000e\000r\000e\000n\000c\000e}{chapter.6}% 63
\BOOKMARK [1][-]{section.6.5}{\376\377\0006\000.\0005\000\040\000G\000a\000m\000e\000S\000t\000a\000t\000e\000\040\000S\000t\000r\000u\000c\000t\000\040\000R\000e\000f\000e\000r\000e\000n\000c\000e}{chapter.6}% 64
\BOOKMARK [2][-]{subsection.6.5.1}{\376\377\0006\000.\0005\000.\0001\000\040\000D\000e\000t\000a\000i\000l\000e\000d\000\040\000D\000e\000s\000c\000r\000i\000p\000t\000i\000o\000n}{section.6.5}% 65
\BOOKMARK [2][-]{subsection.6.5.2}{\376\377\0006\000.\0005\000.\0002\000\040\000M\000e\000m\000b\000e\000r\000\040\000D\000a\000t\000a\000\040\000D\000o\000c\000u\000m\000e\000n\000t\000a\000t\000i\000o\000n}{section.6.5}% 66
\BOOKMARK [3][-]{subsubsection.6.5.2.1}{\376\377\0006\000.\0005\000.\0002\000.\0001\000\040\000b\000u\000t\000t\000o\000n\000s}{subsection.6.5.2}% 67
\BOOKMARK [3][-]{subsubsection.6.5.2.2}{\376\377\0006\000.\0005\000.\0002\000.\0002\000\040\000c\000a\000n\000v\000a\000s\000\137\000s\000i\000z\000e}{subsection.6.5.2}% 68
\BOOKMARK [3][-]{subsubsection.6.5.2.3}{\376\377\0006\000.\0005\000.\0002\000.\0003\000\040\000e\000n\000d\000\137\000t\000u\000r\000n}{subsection.6.5.2}% 69
\BOOKMARK [3][-]{subsubsection.6.5.2.4}{\376\377\0006\000.\0005\000.\0002\000.\0004\000\040\000m\000o\000u\000s\000e\000p\000a\000r\000a\000m\000s}{subsection.6.5.2}% 70
\BOOKMARK [3][-]{subsubsection.6.5.2.5}{\376\377\0006\000.\0005\000.\0002\000.\0005\000\040\000n\000n\000R\000e\000s\000u\000l\000t\000s}{subsection.6.5.2}% 71
\BOOKMARK [3][-]{subsubsection.6.5.2.6}{\376\377\0006\000.\0005\000.\0002\000.\0006\000\040\000p\000l\000a\000y\000e\000r\0000\0001}{subsection.6.5.2}% 72
\BOOKMARK [3][-]{subsubsection.6.5.2.7}{\376\377\0006\000.\0005\000.\0002\000.\0007\000\040\000r\000e\000m\000o\000v\000e\000\137\000c\000a\000r\000d}{subsection.6.5.2}% 73
\BOOKMARK [3][-]{subsubsection.6.5.2.8}{\376\377\0006\000.\0005\000.\0002\000.\0008\000\040\000r\000u\000n\000\137\000a\000w\000a\000y}{subsection.6.5.2}% 74
\BOOKMARK [3][-]{subsubsection.6.5.2.9}{\376\377\0006\000.\0005\000.\0002\000.\0009\000\040\000s\000h\000o\000u\000l\000d\000\137\000c\000o\000n\000t\000i\000n\000u\000e}{subsection.6.5.2}% 75
\BOOKMARK [3][-]{subsubsection.6.5.2.10}{\376\377\0006\000.\0005\000.\0002\000.\0001\0000\000\040\000s\000h\000o\000u\000l\000d\000\137\000e\000x\000i\000t}{subsection.6.5.2}% 76
\BOOKMARK [1][-]{section.6.6}{\376\377\0006\000.\0006\000\040\000I\000n\000p\000u\000t\000E\000v\000e\000n\000t\000\040\000S\000t\000r\000u\000c\000t\000\040\000R\000e\000f\000e\000r\000e\000n\000c\000e}{chapter.6}% 77
\BOOKMARK [2][-]{subsection.6.6.1}{\376\377\0006\000.\0006\000.\0001\000\040\000M\000e\000m\000b\000e\000r\000\040\000D\000a\000t\000a\000\040\000D\000o\000c\000u\000m\000e\000n\000t\000a\000t\000i\000o\000n}{section.6.6}% 78
\BOOKMARK [3][-]{subsubsection.6.6.1.1}{\376\377\0006\000.\0006\000.\0001\000.\0001\000\040\000t\000y\000p\000e}{subsection.6.6.1}% 79
\BOOKMARK [1][-]{section.6.7}{\376\377\0006\000.\0007\000\040\000M\000o\000u\000s\000e\000P\000a\000r\000a\000m\000s\000\040\000S\000t\000r\000u\000c\000t\000\040\000R\000e\000f\000e\000r\000e\000n\000c\000e}{chapter.6}% 80
\BOOKMARK [2][-]{subsection.6.7.1}{\376\377\0006\000.\0007\000.\0001\000\040\000D\000e\000t\000a\000i\000l\000e\000d\000\040\000D\000e\000s\000c\000r\000i\000p\000t\000i\000o\000n}{section.6.7}% 81
\BOOKMARK [2][-]{subsection.6.7.2}{\376\377\0006\000.\0007\000.\0002\000\040\000M\000e\000m\000b\000e\000r\000\040\000D\000a\000t\000a\000\040\000D\000o\000c\000u\000m\000e\000n\000t\000a\000t\000i\000o\000n}{section.6.7}% 82
\BOOKMARK [3][-]{subsubsection.6.7.2.1}{\376\377\0006\000.\0007\000.\0002\000.\0001\000\040\000c\000l\000i\000c\000k\000P}{subsection.6.7.2}% 83
\BOOKMARK [3][-]{subsubsection.6.7.2.2}{\376\377\0006\000.\0007\000.\0002\000.\0002\000\040\000e\000v\000e\000n\000t}{subsection.6.7.2}% 84
\BOOKMARK [3][-]{subsubsection.6.7.2.3}{\376\377\0006\000.\0007\000.\0002\000.\0003\000\040\000m\000a\000r\000k\000e\000r\000C\000o\000r\000n\000e\000r}{subsection.6.7.2}% 85
\BOOKMARK [3][-]{subsubsection.6.7.2.4}{\376\377\0006\000.\0007\000.\0002\000.\0004\000\040\000m\000a\000r\000k\000e\000r\000I\000d}{subsection.6.7.2}% 86
\BOOKMARK [3][-]{subsubsection.6.7.2.5}{\376\377\0006\000.\0007\000.\0002\000.\0005\000\040\000p\000o\000l\000y}{subsection.6.7.2}% 87
\BOOKMARK [3][-]{subsubsection.6.7.2.6}{\376\377\0006\000.\0007\000.\0002\000.\0006\000\040\000t\000u\000t\000T\000e\000x\000t}{subsection.6.7.2}% 88
\BOOKMARK [1][-]{section.6.8}{\376\377\0006\000.\0008\000\040\000M\000u\000n\000c\000h\000k\000i\000n\000C\000a\000r\000d\000\040\000C\000l\000a\000s\000s\000\040\000R\000e\000f\000e\000r\000e\000n\000c\000e}{chapter.6}% 89
\BOOKMARK [2][-]{subsection.6.8.1}{\376\377\0006\000.\0008\000.\0001\000\040\000D\000e\000t\000a\000i\000l\000e\000d\000\040\000D\000e\000s\000c\000r\000i\000p\000t\000i\000o\000n}{section.6.8}% 90
\BOOKMARK [2][-]{subsection.6.8.2}{\376\377\0006\000.\0008\000.\0002\000\040\000C\000o\000n\000s\000t\000r\000u\000c\000t\000o\000r\000\040\000\046\000\040\000D\000e\000s\000t\000r\000u\000c\000t\000o\000r\000\040\000D\000o\000c\000u\000m\000e\000n\000t\000a\000t\000i\000o\000n}{section.6.8}% 91
\BOOKMARK [3][-]{subsubsection.6.8.2.1}{\376\377\0006\000.\0008\000.\0002\000.\0001\000\040\000M\000u\000n\000c\000h\000k\000i\000n\000C\000a\000r\000d\000\050\000\051\000\040\000[\0001\000/\0004\000]}{subsection.6.8.2}% 92
\BOOKMARK [3][-]{subsubsection.6.8.2.2}{\376\377\0006\000.\0008\000.\0002\000.\0002\000\040\000M\000u\000n\000c\000h\000k\000i\000n\000C\000a\000r\000d\000\050\000\051\000\040\000[\0002\000/\0004\000]}{subsection.6.8.2}% 93
\BOOKMARK [3][-]{subsubsection.6.8.2.3}{\376\377\0006\000.\0008\000.\0002\000.\0003\000\040\000M\000u\000n\000c\000h\000k\000i\000n\000C\000a\000r\000d\000\050\000\051\000\040\000[\0003\000/\0004\000]}{subsection.6.8.2}% 94
\BOOKMARK [3][-]{subsubsection.6.8.2.4}{\376\377\0006\000.\0008\000.\0002\000.\0004\000\040\000M\000u\000n\000c\000h\000k\000i\000n\000C\000a\000r\000d\000\050\000\051\000\040\000[\0004\000/\0004\000]}{subsection.6.8.2}% 95
\BOOKMARK [2][-]{subsection.6.8.3}{\376\377\0006\000.\0008\000.\0003\000\040\000M\000e\000m\000b\000e\000r\000\040\000F\000u\000n\000c\000t\000i\000o\000n\000\040\000D\000o\000c\000u\000m\000e\000n\000t\000a\000t\000i\000o\000n}{section.6.8}% 96
\BOOKMARK [3][-]{subsubsection.6.8.3.1}{\376\377\0006\000.\0008\000.\0003\000.\0001\000\040\000c\000a\000r\000d\000s\000C\000o\000n\000s\000t\000r\000\050\000\051}{subsection.6.8.3}% 97
\BOOKMARK [3][-]{subsubsection.6.8.3.2}{\376\377\0006\000.\0008\000.\0003\000.\0002\000\040\000o\000p\000e\000r\000a\000t\000o\000r\000=\000\050\000\051\000\040\000[\0001\000/\0002\000]}{subsection.6.8.3}% 98
\BOOKMARK [3][-]{subsubsection.6.8.3.3}{\376\377\0006\000.\0008\000.\0003\000.\0003\000\040\000o\000p\000e\000r\000a\000t\000o\000r\000=\000\050\000\051\000\040\000[\0002\000/\0002\000]}{subsection.6.8.3}% 99
\BOOKMARK [2][-]{subsection.6.8.4}{\376\377\0006\000.\0008\000.\0004\000\040\000M\000e\000m\000b\000e\000r\000\040\000D\000a\000t\000a\000\040\000D\000o\000c\000u\000m\000e\000n\000t\000a\000t\000i\000o\000n}{section.6.8}% 100
\BOOKMARK [3][-]{subsubsection.6.8.4.1}{\376\377\0006\000.\0008\000.\0004\000.\0001\000\040\000b\000a\000d\000T\000h\000i\000n\000g\000s}{subsection.6.8.4}% 101
\BOOKMARK [3][-]{subsubsection.6.8.4.2}{\376\377\0006\000.\0008\000.\0004\000.\0002\000\040\000b\000a\000d\000T\000h\000i\000n\000g\000s\000F\000u\000n\000c}{subsection.6.8.4}% 102
\BOOKMARK [3][-]{subsubsection.6.8.4.3}{\376\377\0006\000.\0008\000.\0004\000.\0003\000\040\000b\000o\000n\000i\000s}{subsection.6.8.4}% 103
\BOOKMARK [3][-]{subsubsection.6.8.4.4}{\376\377\0006\000.\0008\000.\0004\000.\0004\000\040\000c\000a\000r\000d\000N\000a\000m\000e}{subsection.6.8.4}% 104
\BOOKMARK [3][-]{subsubsection.6.8.4.5}{\376\377\0006\000.\0008\000.\0004\000.\0005\000\040\000d\000e\000b\000u\000f\000f}{subsection.6.8.4}% 105
\BOOKMARK [3][-]{subsubsection.6.8.4.6}{\376\377\0006\000.\0008\000.\0004\000.\0006\000\040\000e\000f\000f\000e\000c\000t}{subsection.6.8.4}% 106
\BOOKMARK [3][-]{subsubsection.6.8.4.7}{\376\377\0006\000.\0008\000.\0004\000.\0007\000\040\000h\000a\000n\000d\000s\000N\000e\000e\000d\000e\000d}{subsection.6.8.4}% 107
\BOOKMARK [3][-]{subsubsection.6.8.4.8}{\376\377\0006\000.\0008\000.\0004\000.\0008\000\040\000i\000t\000e\000m\000E\000f\000f\000e\000c\000t}{subsection.6.8.4}% 108
\BOOKMARK [3][-]{subsubsection.6.8.4.9}{\376\377\0006\000.\0008\000.\0004\000.\0009\000\040\000i\000t\000e\000m\000L\000a\000r\000g\000e}{subsection.6.8.4}% 109
\BOOKMARK [3][-]{subsubsection.6.8.4.10}{\376\377\0006\000.\0008\000.\0004\000.\0001\0000\000\040\000i\000t\000e\000m\000N\000e\000e\000d\000s}{subsection.6.8.4}% 110
\BOOKMARK [3][-]{subsubsection.6.8.4.11}{\376\377\0006\000.\0008\000.\0004\000.\0001\0001\000\040\000i\000t\000e\000m\000T\000y\000p\000e}{subsection.6.8.4}% 111
\BOOKMARK [3][-]{subsubsection.6.8.4.12}{\376\377\0006\000.\0008\000.\0004\000.\0001\0002\000\040\000i\000t\000e\000m\000V\000a\000l\000u\000e}{subsection.6.8.4}% 112
\BOOKMARK [3][-]{subsubsection.6.8.4.13}{\376\377\0006\000.\0008\000.\0004\000.\0001\0003\000\040\000l\000v\000l\000U\000p}{subsection.6.8.4}% 113
\BOOKMARK [3][-]{subsubsection.6.8.4.14}{\376\377\0006\000.\0008\000.\0004\000.\0001\0004\000\040\000m\000a\000r\000k\000e\000r\000I\000D}{subsection.6.8.4}% 114
\BOOKMARK [3][-]{subsubsection.6.8.4.15}{\376\377\0006\000.\0008\000.\0004\000.\0001\0005\000\040\000m\000o\000n\000s\000S\000t\000r\000e\000n\000g\000t\000h}{subsection.6.8.4}% 115
\BOOKMARK [3][-]{subsubsection.6.8.4.16}{\376\377\0006\000.\0008\000.\0004\000.\0001\0006\000\040\000p\000a\000r\000e\000n\000t\000C\000a\000r\000d\000T\000y\000p\000e}{subsection.6.8.4}% 116
\BOOKMARK [3][-]{subsubsection.6.8.4.17}{\376\377\0006\000.\0008\000.\0004\000.\0001\0007\000\040\000s\000t\000r\000e\000n\000g\000t\000h\000B\000o\000n\000i}{subsection.6.8.4}% 117
\BOOKMARK [3][-]{subsubsection.6.8.4.18}{\376\377\0006\000.\0008\000.\0004\000.\0001\0008\000\040\000t\000r\000e\000a\000s\000u\000r\000e\000s}{subsection.6.8.4}% 118
\BOOKMARK [3][-]{subsubsection.6.8.4.19}{\376\377\0006\000.\0008\000.\0004\000.\0001\0009\000\040\000t\000y\000p\000e}{subsection.6.8.4}% 119
\BOOKMARK [1][-]{section.6.9}{\376\377\0006\000.\0009\000\040\000N\000N\000r\000e\000s\000u\000l\000t\000\040\000S\000t\000r\000u\000c\000t\000\040\000R\000e\000f\000e\000r\000e\000n\000c\000e}{chapter.6}% 120
\BOOKMARK [2][-]{subsection.6.9.1}{\376\377\0006\000.\0009\000.\0001\000\040\000D\000e\000t\000a\000i\000l\000e\000d\000\040\000D\000e\000s\000c\000r\000i\000p\000t\000i\000o\000n}{section.6.9}% 121
\BOOKMARK [2][-]{subsection.6.9.2}{\376\377\0006\000.\0009\000.\0002\000\040\000M\000e\000m\000b\000e\000r\000\040\000D\000a\000t\000a\000\040\000D\000o\000c\000u\000m\000e\000n\000t\000a\000t\000i\000o\000n}{section.6.9}% 122
\BOOKMARK [3][-]{subsubsection.6.9.2.1}{\376\377\0006\000.\0009\000.\0002\000.\0001\000\040\000i\000d}{subsection.6.9.2}% 123
\BOOKMARK [3][-]{subsubsection.6.9.2.2}{\376\377\0006\000.\0009\000.\0002\000.\0002\000\040\000n\000n\000B\000B\000o\000x}{subsection.6.9.2}% 124
\BOOKMARK [1][-]{section.6.10}{\376\377\0006\000.\0001\0000\000\040\000P\000l\000a\000y\000e\000r\000S\000t\000a\000t\000s\000\040\000S\000t\000r\000u\000c\000t\000\040\000R\000e\000f\000e\000r\000e\000n\000c\000e}{chapter.6}% 125
\BOOKMARK [2][-]{subsection.6.10.1}{\376\377\0006\000.\0001\0000\000.\0001\000\040\000D\000e\000t\000a\000i\000l\000e\000d\000\040\000D\000e\000s\000c\000r\000i\000p\000t\000i\000o\000n}{section.6.10}% 126
\BOOKMARK [2][-]{subsection.6.10.2}{\376\377\0006\000.\0001\0000\000.\0002\000\040\000M\000e\000m\000b\000e\000r\000\040\000D\000a\000t\000a\000\040\000D\000o\000c\000u\000m\000e\000n\000t\000a\000t\000i\000o\000n}{section.6.10}% 127
\BOOKMARK [3][-]{subsubsection.6.10.2.1}{\376\377\0006\000.\0001\0000\000.\0002\000.\0001\000\040\000a\000v\000a\000i\000l\000a\000b\000l\000e\000C\000l\000a\000s\000s\000e\000s}{subsection.6.10.2}% 128
\BOOKMARK [3][-]{subsubsection.6.10.2.2}{\376\377\0006\000.\0001\0000\000.\0002\000.\0002\000\040\000a\000v\000a\000i\000l\000a\000b\000l\000e\000R\000a\000c\000e\000s}{subsection.6.10.2}% 129
\BOOKMARK [3][-]{subsubsection.6.10.2.3}{\376\377\0006\000.\0001\0000\000.\0002\000.\0003\000\040\000b\000o\000n\000i\000s}{subsection.6.10.2}% 130
\BOOKMARK [3][-]{subsubsection.6.10.2.4}{\376\377\0006\000.\0001\0000\000.\0002\000.\0004\000\040\000c\000a\000r\000r\000i\000e\000s\000L\000a\000r\000g\000e\000I\000t\000e\000m\000s}{subsection.6.10.2}% 131
\BOOKMARK [3][-]{subsubsection.6.10.2.5}{\376\377\0006\000.\0001\0000\000.\0002\000.\0005\000\040\000c\000u\000r\000s\000e\000s}{subsection.6.10.2}% 132
\BOOKMARK [3][-]{subsubsection.6.10.2.6}{\376\377\0006\000.\0001\0000\000.\0002\000.\0006\000\040\000h\000a\000n\000d\000s}{subsection.6.10.2}% 133
\BOOKMARK [3][-]{subsubsection.6.10.2.7}{\376\377\0006\000.\0001\0000\000.\0002\000.\0007\000\040\000h\000a\000s\000A\000r\000m\000o\000r}{subsection.6.10.2}% 134
\BOOKMARK [3][-]{subsubsection.6.10.2.8}{\376\377\0006\000.\0001\0000\000.\0002\000.\0008\000\040\000h\000a\000s\000H\000a\000t}{subsection.6.10.2}% 135
\BOOKMARK [3][-]{subsubsection.6.10.2.9}{\376\377\0006\000.\0001\0000\000.\0002\000.\0009\000\040\000h\000a\000s\000S\000h\000o\000e\000s}{subsection.6.10.2}% 136
\BOOKMARK [3][-]{subsubsection.6.10.2.10}{\376\377\0006\000.\0001\0000\000.\0002\000.\0001\0000\000\040\000i\000t\000e\000m\000E\000f\000f\000e\000c\000t\000s}{subsection.6.10.2}% 137
\BOOKMARK [3][-]{subsubsection.6.10.2.11}{\376\377\0006\000.\0001\0000\000.\0002\000.\0001\0001\000\040\000l\000v\000l}{subsection.6.10.2}% 138
\BOOKMARK [3][-]{subsubsection.6.10.2.12}{\376\377\0006\000.\0001\0000\000.\0002\000.\0001\0002\000\040\000m\000u\000n\000c\000h\000C\000l\000a\000s\000s\000e\000s}{subsection.6.10.2}% 139
\BOOKMARK [3][-]{subsubsection.6.10.2.13}{\376\377\0006\000.\0001\0000\000.\0002\000.\0001\0003\000\040\000m\000u\000n\000c\000h\000R\000a\000c\000e\000s}{subsection.6.10.2}% 140
\BOOKMARK [3][-]{subsubsection.6.10.2.14}{\376\377\0006\000.\0001\0000\000.\0002\000.\0001\0004\000\040\000r\000u\000n\000S\000t\000r\000e\000n\000g\000t\000h}{subsection.6.10.2}% 141
\BOOKMARK [3][-]{subsubsection.6.10.2.15}{\376\377\0006\000.\0001\0000\000.\0002\000.\0001\0005\000\040\000s\000e\000x}{subsection.6.10.2}% 142
\BOOKMARK [3][-]{subsubsection.6.10.2.16}{\376\377\0006\000.\0001\0000\000.\0002\000.\0001\0006\000\040\000s\000t\000r\000e\000n\000g\000t\000h}{subsection.6.10.2}% 143
\BOOKMARK [1][-]{section.6.11}{\376\377\0006\000.\0001\0001\000\040\000t\000e\000s\000t\000O\000u\000t\000p\000u\000t\000\040\000S\000t\000r\000u\000c\000t\000\040\000R\000e\000f\000e\000r\000e\000n\000c\000e}{chapter.6}% 144
\BOOKMARK [2][-]{subsection.6.11.1}{\376\377\0006\000.\0001\0001\000.\0001\000\040\000D\000e\000t\000a\000i\000l\000e\000d\000\040\000D\000e\000s\000c\000r\000i\000p\000t\000i\000o\000n}{section.6.11}% 145
\BOOKMARK [2][-]{subsection.6.11.2}{\376\377\0006\000.\0001\0001\000.\0002\000\040\000M\000e\000m\000b\000e\000r\000\040\000D\000a\000t\000a\000\040\000D\000o\000c\000u\000m\000e\000n\000t\000a\000t\000i\000o\000n}{section.6.11}% 146
\BOOKMARK [3][-]{subsubsection.6.11.2.1}{\376\377\0006\000.\0001\0001\000.\0002\000.\0001\000\040\000a\000l\000l\000C\000l\000a\000s\000s\000e\000s}{subsection.6.11.2}% 147
\BOOKMARK [3][-]{subsubsection.6.11.2.2}{\376\377\0006\000.\0001\0001\000.\0002\000.\0002\000\040\000a\000l\000l\000P\000r\000o\000p\000a\000b\000i\000l\000i\000t\000y}{subsection.6.11.2}% 148
\BOOKMARK [3][-]{subsubsection.6.11.2.3}{\376\377\0006\000.\0001\0001\000.\0002\000.\0003\000\040\000c\000s\000v\000F\000i\000l\000e\000S\000t\000r\000i\000n\000g}{subsection.6.11.2}% 149
\BOOKMARK [3][-]{subsubsection.6.11.2.4}{\376\377\0006\000.\0001\0001\000.\0002\000.\0004\000\040\000c\000s\000v\000S\000i\000n\000g\000l\000e\000F\000i\000l\000e}{subsection.6.11.2}% 150
\BOOKMARK [3][-]{subsubsection.6.11.2.5}{\376\377\0006\000.\0001\0001\000.\0002\000.\0005\000\040\000d\000e\000b\000u\000g\000S\000i\000n\000g\000l\000e\000O\000u\000t\000p\000u\000t}{subsection.6.11.2}% 151
\BOOKMARK [3][-]{subsubsection.6.11.2.6}{\376\377\0006\000.\0001\0001\000.\0002\000.\0006\000\040\000d\000e\000b\000u\000g\000T\000i\000c\000k}{subsection.6.11.2}% 152
\BOOKMARK [3][-]{subsubsection.6.11.2.7}{\376\377\0006\000.\0001\0001\000.\0002\000.\0007\000\040\000f\000i\000l\000e\000C\000o\000u\000n\000t\000e\000r}{subsection.6.11.2}% 153
\BOOKMARK [3][-]{subsubsection.6.11.2.8}{\376\377\0006\000.\0001\0001\000.\0002\000.\0008\000\040\000f\000i\000l\000e\000S\000t\000r\000i\000n\000g}{subsection.6.11.2}% 154
\BOOKMARK [3][-]{subsubsection.6.11.2.9}{\376\377\0006\000.\0001\0001\000.\0002\000.\0009\000\040\000i\000n\000f\000e\000r\000e\000n\000c\000e\000T\000i\000m\000e}{subsection.6.11.2}% 155
\BOOKMARK [3][-]{subsubsection.6.11.2.10}{\376\377\0006\000.\0001\0001\000.\0002\000.\0001\0000\000\040\000M\000u\000n\000c\000h\000k\000i\000n\000C\000l\000a\000s\000s\000e\000s\000N\000u\000m}{subsection.6.11.2}% 156
\BOOKMARK [3][-]{subsubsection.6.11.2.11}{\376\377\0006\000.\0001\0001\000.\0002\000.\0001\0001\000\040\000s\000i\000n\000g\000l\000e\000F\000i\000l\000e}{subsection.6.11.2}% 157
\BOOKMARK [3][-]{subsubsection.6.11.2.12}{\376\377\0006\000.\0001\0001\000.\0002\000.\0001\0002\000\040\000Y\000o\000l\000o\000N\000a\000m\000e}{subsection.6.11.2}% 158
\BOOKMARK [0][-]{chapter.7}{\376\377\0007\000\040\000F\000i\000l\000e\000\040\000D\000o\000c\000u\000m\000e\000n\000t\000a\000t\000i\000o\000n}{}% 159
\BOOKMARK [1][-]{section.7.1}{\376\377\0007\000.\0001\000\040\000A\000r\000u\000c\000o\000G\000e\000n\000e\000r\000a\000t\000o\000r\000.\000c\000p\000p\000\040\000F\000i\000l\000e\000\040\000R\000e\000f\000e\000r\000e\000n\000c\000e}{chapter.7}% 160
\BOOKMARK [2][-]{subsection.7.1.1}{\376\377\0007\000.\0001\000.\0001\000\040\000F\000u\000n\000c\000t\000i\000o\000n\000\040\000D\000o\000c\000u\000m\000e\000n\000t\000a\000t\000i\000o\000n}{section.7.1}% 161
\BOOKMARK [3][-]{subsubsection.7.1.1.1}{\376\377\0007\000.\0001\000.\0001\000.\0001\000\040\000c\000r\000e\000a\000t\000e\000A\000r\000u\000c\000o\000M\000a\000r\000k\000e\000r\000s\000\050\000\051}{subsection.7.1.1}% 162
\BOOKMARK [1][-]{section.7.2}{\376\377\0007\000.\0002\000\040\000A\000r\000u\000c\000o\000G\000e\000n\000e\000r\000a\000t\000o\000r\000.\000h\000\040\000F\000i\000l\000e\000\040\000R\000e\000f\000e\000r\000e\000n\000c\000e}{chapter.7}% 163
\BOOKMARK [2][-]{subsection.7.2.1}{\376\377\0007\000.\0002\000.\0001\000\040\000D\000e\000t\000a\000i\000l\000e\000d\000\040\000D\000e\000s\000c\000r\000i\000p\000t\000i\000o\000n}{section.7.2}% 164
\BOOKMARK [2][-]{subsection.7.2.2}{\376\377\0007\000.\0002\000.\0002\000\040\000F\000u\000n\000c\000t\000i\000o\000n\000\040\000D\000o\000c\000u\000m\000e\000n\000t\000a\000t\000i\000o\000n}{section.7.2}% 165
\BOOKMARK [3][-]{subsubsection.7.2.2.1}{\376\377\0007\000.\0002\000.\0002\000.\0001\000\040\000c\000r\000e\000a\000t\000e\000A\000r\000u\000c\000o\000M\000a\000r\000k\000e\000r\000s\000\050\000\051}{subsection.7.2.2}% 166
\BOOKMARK [1][-]{section.7.3}{\376\377\0007\000.\0003\000\040\000B\000a\000d\000T\000h\000i\000n\000g\000s\000.\000c\000p\000p\000\040\000F\000i\000l\000e\000\040\000R\000e\000f\000e\000r\000e\000n\000c\000e}{chapter.7}% 167
\BOOKMARK [1][-]{section.7.4}{\376\377\0007\000.\0004\000\040\000B\000a\000d\000T\000h\000i\000n\000g\000s\000.\000h\000\040\000F\000i\000l\000e\000\040\000R\000e\000f\000e\000r\000e\000n\000c\000e}{chapter.7}% 168
\BOOKMARK [2][-]{subsection.7.4.1}{\376\377\0007\000.\0004\000.\0001\000\040\000D\000e\000t\000a\000i\000l\000e\000d\000\040\000D\000e\000s\000c\000r\000i\000p\000t\000i\000o\000n}{section.7.4}% 169
\BOOKMARK [2][-]{subsection.7.4.2}{\376\377\0007\000.\0004\000.\0002\000\040\000T\000y\000p\000e\000d\000e\000f\000\040\000D\000o\000c\000u\000m\000e\000n\000t\000a\000t\000i\000o\000n}{section.7.4}% 170
\BOOKMARK [3][-]{subsubsection.7.4.2.1}{\376\377\0007\000.\0004\000.\0002\000.\0001\000\040\000B\000a\000d\000T\000h\000i\000n\000g\000s\000F\000u\000n\000c}{subsection.7.4.2}% 171
\BOOKMARK [1][-]{section.7.5}{\376\377\0007\000.\0005\000\040\000B\000u\000t\000t\000o\000n\000.\000c\000p\000p\000\040\000F\000i\000l\000e\000\040\000R\000e\000f\000e\000r\000e\000n\000c\000e}{chapter.7}% 172
\BOOKMARK [1][-]{section.7.6}{\376\377\0007\000.\0006\000\040\000B\000u\000t\000t\000o\000n\000.\000h\000\040\000F\000i\000l\000e\000\040\000R\000e\000f\000e\000r\000e\000n\000c\000e}{chapter.7}% 173
\BOOKMARK [2][-]{subsection.7.6.1}{\376\377\0007\000.\0006\000.\0001\000\040\000D\000e\000t\000a\000i\000l\000e\000d\000\040\000D\000e\000s\000c\000r\000i\000p\000t\000i\000o\000n}{section.7.6}% 174
\BOOKMARK [2][-]{subsection.7.6.2}{\376\377\0007\000.\0006\000.\0002\000\040\000T\000y\000p\000e\000d\000e\000f\000\040\000D\000o\000c\000u\000m\000e\000n\000t\000a\000t\000i\000o\000n}{section.7.6}% 175
\BOOKMARK [3][-]{subsubsection.7.6.2.1}{\376\377\0007\000.\0006\000.\0002\000.\0001\000\040\000b\000u\000t\000t\000o\000n\000\137\000c\000a\000l\000l\000b\000a\000c\000k}{subsection.7.6.2}% 176
\BOOKMARK [2][-]{subsection.7.6.3}{\376\377\0007\000.\0006\000.\0003\000\040\000E\000n\000u\000m\000e\000r\000a\000t\000i\000o\000n\000\040\000T\000y\000p\000e\000\040\000D\000o\000c\000u\000m\000e\000n\000t\000a\000t\000i\000o\000n}{section.7.6}% 177
\BOOKMARK [3][-]{subsubsection.7.6.3.1}{\376\377\0007\000.\0006\000.\0003\000.\0001\000\040\000B\000u\000t\000t\000o\000n\000O\000r\000i\000g\000i\000n}{subsection.7.6.3}% 178
\BOOKMARK [1][-]{section.7.7}{\376\377\0007\000.\0007\000\040\000C\000a\000m\000e\000r\000a\000C\000a\000l\000i\000b\000r\000a\000t\000i\000o\000n\000.\000c\000p\000p\000\040\000F\000i\000l\000e\000\040\000R\000e\000f\000e\000r\000e\000n\000c\000e}{chapter.7}% 179
\BOOKMARK [2][-]{subsection.7.7.1}{\376\377\0007\000.\0007\000.\0001\000\040\000F\000u\000n\000c\000t\000i\000o\000n\000\040\000D\000o\000c\000u\000m\000e\000n\000t\000a\000t\000i\000o\000n}{section.7.7}% 180
\BOOKMARK [3][-]{subsubsection.7.7.1.1}{\376\377\0007\000.\0007\000.\0001\000.\0001\000\040\000c\000a\000m\000e\000r\000a\000C\000a\000l\000i\000b\000r\000a\000t\000i\000o\000n\000\050\000\051}{subsection.7.7.1}% 181
\BOOKMARK [3][-]{subsubsection.7.7.1.2}{\376\377\0007\000.\0007\000.\0001\000.\0002\000\040\000c\000a\000m\000e\000r\000a\000C\000a\000l\000i\000b\000r\000a\000t\000i\000o\000n\000P\000r\000o\000c\000e\000s\000s\000\050\000\051}{subsection.7.7.1}% 182
\BOOKMARK [3][-]{subsubsection.7.7.1.3}{\376\377\0007\000.\0007\000.\0001\000.\0003\000\040\000c\000r\000e\000a\000t\000e\000K\000n\000o\000w\000n\000B\000o\000a\000r\000d\000P\000o\000s\000i\000t\000i\000o\000n\000s\000\050\000\051}{subsection.7.7.1}% 183
\BOOKMARK [3][-]{subsubsection.7.7.1.4}{\376\377\0007\000.\0007\000.\0001\000.\0004\000\040\000g\000e\000t\000C\000h\000e\000s\000s\000b\000o\000a\000r\000d\000C\000o\000r\000n\000e\000r\000s\000\050\000\051}{subsection.7.7.1}% 184
\BOOKMARK [3][-]{subsubsection.7.7.1.5}{\376\377\0007\000.\0007\000.\0001\000.\0005\000\040\000l\000o\000a\000d\000C\000a\000m\000e\000r\000a\000C\000a\000l\000i\000b\000r\000a\000t\000i\000o\000n\000\050\000\051}{subsection.7.7.1}% 185
\BOOKMARK [3][-]{subsubsection.7.7.1.6}{\376\377\0007\000.\0007\000.\0001\000.\0006\000\040\000s\000a\000v\000e\000C\000a\000m\000e\000r\000a\000C\000a\000l\000i\000b\000r\000a\000t\000i\000o\000n\000\050\000\051}{subsection.7.7.1}% 186
\BOOKMARK [1][-]{section.7.8}{\376\377\0007\000.\0008\000\040\000C\000a\000m\000e\000r\000a\000C\000a\000l\000i\000b\000r\000a\000t\000i\000o\000n\000.\000h\000\040\000F\000i\000l\000e\000\040\000R\000e\000f\000e\000r\000e\000n\000c\000e}{chapter.7}% 187
\BOOKMARK [2][-]{subsection.7.8.1}{\376\377\0007\000.\0008\000.\0001\000\040\000D\000e\000t\000a\000i\000l\000e\000d\000\040\000D\000e\000s\000c\000r\000i\000p\000t\000i\000o\000n}{section.7.8}% 188
\BOOKMARK [2][-]{subsection.7.8.2}{\376\377\0007\000.\0008\000.\0002\000\040\000F\000u\000n\000c\000t\000i\000o\000n\000\040\000D\000o\000c\000u\000m\000e\000n\000t\000a\000t\000i\000o\000n}{section.7.8}% 189
\BOOKMARK [3][-]{subsubsection.7.8.2.1}{\376\377\0007\000.\0008\000.\0002\000.\0001\000\040\000c\000a\000m\000e\000r\000a\000C\000a\000l\000i\000b\000r\000a\000t\000i\000o\000n\000\050\000\051}{subsection.7.8.2}% 190
\BOOKMARK [3][-]{subsubsection.7.8.2.2}{\376\377\0007\000.\0008\000.\0002\000.\0002\000\040\000c\000a\000m\000e\000r\000a\000C\000a\000l\000i\000b\000r\000a\000t\000i\000o\000n\000P\000r\000o\000c\000e\000s\000s\000\050\000\051}{subsection.7.8.2}% 191
\BOOKMARK [3][-]{subsubsection.7.8.2.3}{\376\377\0007\000.\0008\000.\0002\000.\0003\000\040\000c\000r\000e\000a\000t\000e\000K\000n\000o\000w\000n\000B\000o\000a\000r\000d\000P\000o\000s\000i\000t\000i\000o\000n\000s\000\050\000\051}{subsection.7.8.2}% 192
\BOOKMARK [3][-]{subsubsection.7.8.2.4}{\376\377\0007\000.\0008\000.\0002\000.\0004\000\040\000g\000e\000t\000C\000h\000e\000s\000s\000b\000o\000a\000r\000d\000C\000o\000r\000n\000e\000r\000s\000\050\000\051}{subsection.7.8.2}% 193
\BOOKMARK [3][-]{subsubsection.7.8.2.5}{\376\377\0007\000.\0008\000.\0002\000.\0005\000\040\000l\000o\000a\000d\000C\000a\000m\000e\000r\000a\000C\000a\000l\000i\000b\000r\000a\000t\000i\000o\000n\000\050\000\051}{subsection.7.8.2}% 194
\BOOKMARK [3][-]{subsubsection.7.8.2.6}{\376\377\0007\000.\0008\000.\0002\000.\0006\000\040\000s\000a\000v\000e\000C\000a\000m\000e\000r\000a\000C\000a\000l\000i\000b\000r\000a\000t\000i\000o\000n\000\050\000\051}{subsection.7.8.2}% 195
\BOOKMARK [1][-]{section.7.9}{\376\377\0007\000.\0009\000\040\000C\000a\000r\000d\000T\000y\000p\000e\000A\000c\000t\000i\000o\000n\000s\000.\000c\000p\000p\000\040\000F\000i\000l\000e\000\040\000R\000e\000f\000e\000r\000e\000n\000c\000e}{chapter.7}% 196
\BOOKMARK [2][-]{subsection.7.9.1}{\376\377\0007\000.\0009\000.\0001\000\040\000F\000u\000n\000c\000t\000i\000o\000n\000\040\000D\000o\000c\000u\000m\000e\000n\000t\000a\000t\000i\000o\000n}{section.7.9}% 197
\BOOKMARK [3][-]{subsubsection.7.9.1.1}{\376\377\0007\000.\0009\000.\0001\000.\0001\000\040\000r\000u\000n\000A\000w\000a\000y\000\050\000\051}{subsection.7.9.1}% 198
\BOOKMARK [1][-]{section.7.10}{\376\377\0007\000.\0001\0000\000\040\000C\000a\000r\000d\000T\000y\000p\000e\000A\000c\000t\000i\000o\000n\000s\000.\000h\000\040\000F\000i\000l\000e\000\040\000R\000e\000f\000e\000r\000e\000n\000c\000e}{chapter.7}% 199
\BOOKMARK [2][-]{subsection.7.10.1}{\376\377\0007\000.\0001\0000\000.\0001\000\040\000D\000e\000t\000a\000i\000l\000e\000d\000\040\000D\000e\000s\000c\000r\000i\000p\000t\000i\000o\000n}{section.7.10}% 200
\BOOKMARK [2][-]{subsection.7.10.2}{\376\377\0007\000.\0001\0000\000.\0002\000\040\000T\000y\000p\000e\000d\000e\000f\000\040\000D\000o\000c\000u\000m\000e\000n\000t\000a\000t\000i\000o\000n}{section.7.10}% 201
\BOOKMARK [3][-]{subsubsection.7.10.2.1}{\376\377\0007\000.\0001\0000\000.\0002\000.\0001\000\040\000C\000a\000r\000d\000T\000y\000p\000e\000F\000u\000n\000c}{subsection.7.10.2}% 202
\BOOKMARK [1][-]{section.7.11}{\376\377\0007\000.\0001\0001\000\040\000c\000o\000m\000m\000o\000n\000.\000h\000\040\000F\000i\000l\000e\000\040\000R\000e\000f\000e\000r\000e\000n\000c\000e}{chapter.7}% 203
\BOOKMARK [2][-]{subsection.7.11.1}{\376\377\0007\000.\0001\0001\000.\0001\000\040\000D\000e\000t\000a\000i\000l\000e\000d\000\040\000D\000e\000s\000c\000r\000i\000p\000t\000i\000o\000n}{section.7.11}% 204
\BOOKMARK [1][-]{section.7.12}{\376\377\0007\000.\0001\0002\000\040\000D\000e\000t\000e\000c\000t\000i\000o\000n\000V\000a\000r\000i\000a\000n\000t\000s\000.\000c\000p\000p\000\040\000F\000i\000l\000e\000\040\000R\000e\000f\000e\000r\000e\000n\000c\000e}{chapter.7}% 205
\BOOKMARK [2][-]{subsection.7.12.1}{\376\377\0007\000.\0001\0002\000.\0001\000\040\000F\000u\000n\000c\000t\000i\000o\000n\000\040\000D\000o\000c\000u\000m\000e\000n\000t\000a\000t\000i\000o\000n}{section.7.12}% 206
\BOOKMARK [3][-]{subsubsection.7.12.1.1}{\376\377\0007\000.\0001\0002\000.\0001\000.\0001\000\040\000A\000r\000u\000c\000o\000M\000a\000t\000c\000h\000i\000n\000g\000\050\000\051}{subsection.7.12.1}% 207
\BOOKMARK [3][-]{subsubsection.7.12.1.2}{\376\377\0007\000.\0001\0002\000.\0001\000.\0002\000\040\000Y\000O\000L\000O\000M\000a\000t\000c\000h\000i\000n\000g\000\050\000\051}{subsection.7.12.1}% 208
\BOOKMARK [1][-]{section.7.13}{\376\377\0007\000.\0001\0003\000\040\000D\000e\000t\000e\000c\000t\000i\000o\000n\000V\000a\000r\000i\000a\000n\000t\000s\000.\000h\000\040\000F\000i\000l\000e\000\040\000R\000e\000f\000e\000r\000e\000n\000c\000e}{chapter.7}% 209
\BOOKMARK [2][-]{subsection.7.13.1}{\376\377\0007\000.\0001\0003\000.\0001\000\040\000D\000e\000t\000a\000i\000l\000e\000d\000\040\000D\000e\000s\000c\000r\000i\000p\000t\000i\000o\000n}{section.7.13}% 210
\BOOKMARK [2][-]{subsection.7.13.2}{\376\377\0007\000.\0001\0003\000.\0002\000\040\000F\000u\000n\000c\000t\000i\000o\000n\000\040\000D\000o\000c\000u\000m\000e\000n\000t\000a\000t\000i\000o\000n}{section.7.13}% 211
\BOOKMARK [3][-]{subsubsection.7.13.2.1}{\376\377\0007\000.\0001\0003\000.\0002\000.\0001\000\040\000A\000r\000u\000c\000o\000M\000a\000t\000c\000h\000i\000n\000g\000\050\000\051}{subsection.7.13.2}% 212
\BOOKMARK [3][-]{subsubsection.7.13.2.2}{\376\377\0007\000.\0001\0003\000.\0002\000.\0002\000\040\000Y\000O\000L\000O\000M\000a\000t\000c\000h\000i\000n\000g\000\050\000\051}{subsection.7.13.2}% 213
\BOOKMARK [1][-]{section.7.14}{\376\377\0007\000.\0001\0004\000\040\000E\000x\000t\000r\000a\000s\000.\000c\000p\000p\000\040\000F\000i\000l\000e\000\040\000R\000e\000f\000e\000r\000e\000n\000c\000e}{chapter.7}% 214
\BOOKMARK [1][-]{section.7.15}{\376\377\0007\000.\0001\0005\000\040\000E\000x\000t\000r\000a\000s\000.\000h\000\040\000F\000i\000l\000e\000\040\000R\000e\000f\000e\000r\000e\000n\000c\000e}{chapter.7}% 215
\BOOKMARK [2][-]{subsection.7.15.1}{\376\377\0007\000.\0001\0005\000.\0001\000\040\000T\000y\000p\000e\000d\000e\000f\000\040\000D\000o\000c\000u\000m\000e\000n\000t\000a\000t\000i\000o\000n}{section.7.15}% 216
\BOOKMARK [3][-]{subsubsection.7.15.1.1}{\376\377\0007\000.\0001\0005\000.\0001\000.\0001\000\040\000E\000x\000t\000r\000a\000s\000F\000u\000n\000c}{subsection.7.15.1}% 217
\BOOKMARK [1][-]{section.7.16}{\376\377\0007\000.\0001\0006\000\040\000G\000a\000m\000e\000S\000t\000a\000t\000e\000.\000h\000\040\000F\000i\000l\000e\000\040\000R\000e\000f\000e\000r\000e\000n\000c\000e}{chapter.7}% 218
\BOOKMARK [2][-]{subsection.7.16.1}{\376\377\0007\000.\0001\0006\000.\0001\000\040\000D\000e\000t\000a\000i\000l\000e\000d\000\040\000D\000e\000s\000c\000r\000i\000p\000t\000i\000o\000n}{section.7.16}% 219
\BOOKMARK [2][-]{subsection.7.16.2}{\376\377\0007\000.\0001\0006\000.\0002\000\040\000E\000n\000u\000m\000e\000r\000a\000t\000i\000o\000n\000\040\000T\000y\000p\000e\000\040\000D\000o\000c\000u\000m\000e\000n\000t\000a\000t\000i\000o\000n}{section.7.16}% 220
\BOOKMARK [3][-]{subsubsection.7.16.2.1}{\376\377\0007\000.\0001\0006\000.\0002\000.\0001\000\040\000M\000o\000u\000s\000e\000E\000v\000e\000n\000t}{subsection.7.16.2}% 221
\BOOKMARK [1][-]{section.7.17}{\376\377\0007\000.\0001\0007\000\040\000I\000n\000p\000u\000t\000E\000v\000e\000n\000t\000.\000h\000\040\000F\000i\000l\000e\000\040\000R\000e\000f\000e\000r\000e\000n\000c\000e}{chapter.7}% 222
\BOOKMARK [2][-]{subsection.7.17.1}{\376\377\0007\000.\0001\0007\000.\0001\000\040\000D\000e\000t\000a\000i\000l\000e\000d\000\040\000D\000e\000s\000c\000r\000i\000p\000t\000i\000o\000n}{section.7.17}% 223
\BOOKMARK [2][-]{subsection.7.17.2}{\376\377\0007\000.\0001\0007\000.\0002\000\040\000E\000n\000u\000m\000e\000r\000a\000t\000i\000o\000n\000\040\000T\000y\000p\000e\000\040\000D\000o\000c\000u\000m\000e\000n\000t\000a\000t\000i\000o\000n}{section.7.17}% 224
\BOOKMARK [3][-]{subsubsection.7.17.2.1}{\376\377\0007\000.\0001\0007\000.\0002\000.\0001\000\040\000E\000v\000e\000n\000t\000T\000y\000p\000e}{subsection.7.17.2}% 225
\BOOKMARK [1][-]{section.7.18}{\376\377\0007\000.\0001\0008\000\040\000m\000a\000i\000n\000.\000c\000p\000p\000\040\000F\000i\000l\000e\000\040\000R\000e\000f\000e\000r\000e\000n\000c\000e}{chapter.7}% 226
\BOOKMARK [2][-]{subsection.7.18.1}{\376\377\0007\000.\0001\0008\000.\0001\000\040\000F\000u\000n\000c\000t\000i\000o\000n\000\040\000D\000o\000c\000u\000m\000e\000n\000t\000a\000t\000i\000o\000n}{section.7.18}% 227
\BOOKMARK [3][-]{subsubsection.7.18.1.1}{\376\377\0007\000.\0001\0008\000.\0001\000.\0001\000\040\000b\000u\000t\000t\000o\000n\000\137\000c\000o\000n\000t\000i\000n\000u\000e\000\050\000\051}{subsection.7.18.1}% 228
\BOOKMARK [3][-]{subsubsection.7.18.1.2}{\376\377\0007\000.\0001\0008\000.\0001\000.\0002\000\040\000b\000u\000t\000t\000o\000n\000\137\000e\000n\000d\000\137\000t\000u\000r\000n\000\050\000\051}{subsection.7.18.1}% 229
\BOOKMARK [3][-]{subsubsection.7.18.1.3}{\376\377\0007\000.\0001\0008\000.\0001\000.\0003\000\040\000b\000u\000t\000t\000o\000n\000\137\000e\000x\000i\000t\000\050\000\051}{subsection.7.18.1}% 230
\BOOKMARK [3][-]{subsubsection.7.18.1.4}{\376\377\0007\000.\0001\0008\000.\0001\000.\0004\000\040\000c\000a\000l\000l\000B\000a\000c\000k\000F\000u\000n\000c\000t\000i\000o\000n\000\050\000\051}{subsection.7.18.1}% 231
\BOOKMARK [3][-]{subsubsection.7.18.1.5}{\376\377\0007\000.\0001\0008\000.\0001\000.\0005\000\040\000l\000o\000g\000i\000c\000\050\000\051}{subsection.7.18.1}% 232
\BOOKMARK [3][-]{subsubsection.7.18.1.6}{\376\377\0007\000.\0001\0008\000.\0001\000.\0006\000\040\000m\000a\000i\000n\000\050\000\051}{subsection.7.18.1}% 233
\BOOKMARK [3][-]{subsubsection.7.18.1.7}{\376\377\0007\000.\0001\0008\000.\0001\000.\0007\000\040\000s\000t\000a\000r\000t\000W\000e\000b\000c\000a\000m\000M\000o\000n\000i\000t\000o\000r\000i\000n\000g\000\050\000\051}{subsection.7.18.1}% 234
\BOOKMARK [3][-]{subsubsection.7.18.1.8}{\376\377\0007\000.\0001\0008\000.\0001\000.\0008\000\040\000t\000e\000s\000t\000A\000r\000u\000c\000o\000M\000a\000t\000c\000h\000i\000n\000g\000\050\000\051}{subsection.7.18.1}% 235
\BOOKMARK [3][-]{subsubsection.7.18.1.9}{\376\377\0007\000.\0001\0008\000.\0001\000.\0009\000\040\000T\000e\000s\000t\000Y\000O\000L\000O\000M\000a\000t\000c\000h\000i\000n\000g\000\050\000\051}{subsection.7.18.1}% 236
\BOOKMARK [2][-]{subsection.7.18.2}{\376\377\0007\000.\0001\0008\000.\0002\000\040\000V\000a\000r\000i\000a\000b\000l\000e\000\040\000D\000o\000c\000u\000m\000e\000n\000t\000a\000t\000i\000o\000n}{section.7.18}% 237
\BOOKMARK [3][-]{subsubsection.7.18.2.1}{\376\377\0007\000.\0001\0008\000.\0002\000.\0001\000\040\000a\000r\000u\000c\000o\000S\000q\000u\000a\000r\000e\000D\000i\000m\000e\000n\000s\000i\000o\000n}{subsection.7.18.2}% 238
\BOOKMARK [3][-]{subsubsection.7.18.2.2}{\376\377\0007\000.\0001\0008\000.\0002\000.\0002\000\040\000c\000a\000l\000b\000i\000r\000a\000t\000i\000o\000n\000S\000q\000u\000a\000r\000e\000D\000i\000m\000e\000n\000s\000i\000o\000n}{subsection.7.18.2}% 239
\BOOKMARK [3][-]{subsubsection.7.18.2.3}{\376\377\0007\000.\0001\0008\000.\0002\000.\0003\000\040\000c\000a\000r\000d\000s}{subsection.7.18.2}% 240
\BOOKMARK [3][-]{subsubsection.7.18.2.4}{\376\377\0007\000.\0001\0008\000.\0002\000.\0004\000\040\000c\000h\000e\000s\000s\000b\000o\000a\000r\000d\000D\000i\000m\000e\000n\000s\000i\000o\000n\000s}{subsection.7.18.2}% 241
\BOOKMARK [3][-]{subsubsection.7.18.2.5}{\376\377\0007\000.\0001\0008\000.\0002\000.\0005\000\040\000c\000l\000a\000s\000s\000e\000s}{subsection.7.18.2}% 242
\BOOKMARK [3][-]{subsubsection.7.18.2.6}{\376\377\0007\000.\0001\0008\000.\0002\000.\0006\000\040\000c\000o\000n\000f\000T\000h\000r\000e\000s\000h\000o\000l\000d}{subsection.7.18.2}% 243
\BOOKMARK [3][-]{subsubsection.7.18.2.7}{\376\377\0007\000.\0001\0008\000.\0002\000.\0007\000\040\000d\000e\000b\000u\000g\000S\000i\000n\000g\000l\000e\000O\000u\000t\000p\000u\000t}{subsection.7.18.2}% 244
\BOOKMARK [3][-]{subsubsection.7.18.2.8}{\376\377\0007\000.\0001\0008\000.\0002\000.\0008\000\040\000f\000u\000n\000c\000t\000M\000a\000p}{subsection.7.18.2}% 245
\BOOKMARK [3][-]{subsubsection.7.18.2.9}{\376\377\0007\000.\0001\0008\000.\0002\000.\0009\000\040\000g\000a\000m\000e\000s\000t\000a\000t\000e}{subsection.7.18.2}% 246
\BOOKMARK [3][-]{subsubsection.7.18.2.10}{\376\377\0007\000.\0001\0008\000.\0002\000.\0001\0000\000\040\000m\000o\000d\000u\000s}{subsection.7.18.2}% 247
\BOOKMARK [3][-]{subsubsection.7.18.2.11}{\376\377\0007\000.\0001\0008\000.\0002\000.\0001\0001\000\040\000m\000u\000l\000t\000i\000p\000l\000e\000T\000e\000s\000t\000s}{subsection.7.18.2}% 248
\BOOKMARK [3][-]{subsubsection.7.18.2.12}{\376\377\0007\000.\0001\0008\000.\0002\000.\0001\0002\000\040\000M\000u\000n\000c\000h\000k\000i\000n\000C\000l\000a\000s\000s\000e\000s\000N\000u\000m}{subsection.7.18.2}% 249
\BOOKMARK [3][-]{subsubsection.7.18.2.13}{\376\377\0007\000.\0001\0008\000.\0002\000.\0001\0003\000\040\000n\000m\000s\000T\000h\000r\000e\000s\000h\000o\000l\000d}{subsection.7.18.2}% 250
\BOOKMARK [3][-]{subsubsection.7.18.2.14}{\376\377\0007\000.\0001\0008\000.\0002\000.\0001\0004\000\040\000t\000e\000s\000t\000N\000u\000m}{subsection.7.18.2}% 251
\BOOKMARK [3][-]{subsubsection.7.18.2.15}{\376\377\0007\000.\0001\0008\000.\0002\000.\0001\0005\000\040\000Y\000o\000l\000o\000N\000a\000m\000e}{subsection.7.18.2}% 252
\BOOKMARK [1][-]{section.7.19}{\376\377\0007\000.\0001\0009\000\040\000M\000u\000n\000c\000h\000k\000i\000n\000C\000a\000r\000d\000s\000.\000c\000p\000p\000\040\000F\000i\000l\000e\000\040\000R\000e\000f\000e\000r\000e\000n\000c\000e}{chapter.7}% 253
\BOOKMARK [1][-]{section.7.20}{\376\377\0007\000.\0002\0000\000\040\000M\000u\000n\000c\000h\000k\000i\000n\000C\000a\000r\000d\000s\000.\000h\000\040\000F\000i\000l\000e\000\040\000R\000e\000f\000e\000r\000e\000n\000c\000e}{chapter.7}% 254
\BOOKMARK [2][-]{subsection.7.20.1}{\376\377\0007\000.\0002\0000\000.\0001\000\040\000D\000e\000t\000a\000i\000l\000e\000d\000\040\000D\000e\000s\000c\000r\000i\000p\000t\000i\000o\000n}{section.7.20}% 255
\BOOKMARK [2][-]{subsection.7.20.2}{\376\377\0007\000.\0002\0000\000.\0002\000\040\000E\000n\000u\000m\000e\000r\000a\000t\000i\000o\000n\000\040\000T\000y\000p\000e\000\040\000D\000o\000c\000u\000m\000e\000n\000t\000a\000t\000i\000o\000n}{section.7.20}% 256
\BOOKMARK [3][-]{subsubsection.7.20.2.1}{\376\377\0007\000.\0002\0000\000.\0002\000.\0001\000\040\000C\000a\000r\000d\000T\000y\000p\000e}{subsection.7.20.2}% 257
\BOOKMARK [3][-]{subsubsection.7.20.2.2}{\376\377\0007\000.\0002\0000\000.\0002\000.\0002\000\040\000I\000t\000e\000m\000T\000y\000p\000e}{subsection.7.20.2}% 258
\BOOKMARK [3][-]{subsubsection.7.20.2.3}{\376\377\0007\000.\0002\0000\000.\0002\000.\0003\000\040\000P\000a\000r\000e\000n\000t\000C\000a\000r\000d\000T\000y\000p\000e}{subsection.7.20.2}% 259
\BOOKMARK [1][-]{section.7.21}{\376\377\0007\000.\0002\0001\000\040\000P\000o\000s\000t\000P\000r\000o\000c\000e\000s\000s\000F\000u\000n\000c\000t\000i\000o\000n\000s\000.\000c\000p\000p\000\040\000F\000i\000l\000e\000\040\000R\000e\000f\000e\000r\000e\000n\000c\000e}{chapter.7}% 260
\BOOKMARK [2][-]{subsection.7.21.1}{\376\377\0007\000.\0002\0001\000.\0001\000\040\000F\000u\000n\000c\000t\000i\000o\000n\000\040\000D\000o\000c\000u\000m\000e\000n\000t\000a\000t\000i\000o\000n}{section.7.21}% 261
\BOOKMARK [3][-]{subsubsection.7.21.1.1}{\376\377\0007\000.\0002\0001\000.\0001\000.\0001\000\040\000c\000h\000o\000o\000s\000e\000C\000a\000r\000d\000C\000o\000l\000o\000r\000\050\000\051}{subsection.7.21.1}% 262
\BOOKMARK [3][-]{subsubsection.7.21.1.2}{\376\377\0007\000.\0002\0001\000.\0001\000.\0002\000\040\000d\000r\000a\000w\000P\000r\000e\000d\000\050\000\051}{subsection.7.21.1}% 263
\BOOKMARK [3][-]{subsubsection.7.21.1.3}{\376\377\0007\000.\0002\0001\000.\0001\000.\0003\000\040\000g\000e\000t\000O\000u\000t\000p\000u\000t\000s\000N\000a\000m\000e\000s\000\050\000\051}{subsection.7.21.1}% 264
\BOOKMARK [3][-]{subsubsection.7.21.1.4}{\376\377\0007\000.\0002\0001\000.\0001\000.\0004\000\040\000p\000o\000s\000t\000p\000r\000o\000c\000e\000s\000s\000\050\000\051}{subsection.7.21.1}% 265
\BOOKMARK [1][-]{section.7.22}{\376\377\0007\000.\0002\0002\000\040\000P\000o\000s\000t\000P\000r\000o\000c\000e\000s\000s\000F\000u\000n\000c\000t\000i\000o\000n\000s\000.\000h\000\040\000F\000i\000l\000e\000\040\000R\000e\000f\000e\000r\000e\000n\000c\000e}{chapter.7}% 266
\BOOKMARK [2][-]{subsection.7.22.1}{\376\377\0007\000.\0002\0002\000.\0001\000\040\000D\000e\000t\000a\000i\000l\000e\000d\000\040\000D\000e\000s\000c\000r\000i\000p\000t\000i\000o\000n}{section.7.22}% 267
\BOOKMARK [2][-]{subsection.7.22.2}{\376\377\0007\000.\0002\0002\000.\0002\000\040\000F\000u\000n\000c\000t\000i\000o\000n\000\040\000D\000o\000c\000u\000m\000e\000n\000t\000a\000t\000i\000o\000n}{section.7.22}% 268
\BOOKMARK [3][-]{subsubsection.7.22.2.1}{\376\377\0007\000.\0002\0002\000.\0002\000.\0001\000\040\000c\000h\000o\000o\000s\000e\000C\000a\000r\000d\000C\000o\000l\000o\000r\000\050\000\051}{subsection.7.22.2}% 269
\BOOKMARK [3][-]{subsubsection.7.22.2.2}{\376\377\0007\000.\0002\0002\000.\0002\000.\0002\000\040\000d\000r\000a\000w\000P\000r\000e\000d\000\050\000\051}{subsection.7.22.2}% 270
\BOOKMARK [3][-]{subsubsection.7.22.2.3}{\376\377\0007\000.\0002\0002\000.\0002\000.\0003\000\040\000g\000e\000t\000O\000u\000t\000p\000u\000t\000s\000N\000a\000m\000e\000s\000\050\000\051}{subsection.7.22.2}% 271
\BOOKMARK [3][-]{subsubsection.7.22.2.4}{\376\377\0007\000.\0002\0002\000.\0002\000.\0004\000\040\000p\000o\000s\000t\000p\000r\000o\000c\000e\000s\000s\000\050\000\051}{subsection.7.22.2}% 272
\BOOKMARK [1][-]{section.7.23}{\376\377\0007\000.\0002\0003\000\040\000R\000E\000A\000D\000M\000E\000.\000m\000d\000\040\000F\000i\000l\000e\000\040\000R\000e\000f\000e\000r\000e\000n\000c\000e}{chapter.7}% 273
\BOOKMARK [1][-]{section.7.24}{\376\377\0007\000.\0002\0004\000\040\000T\000T\000M\000u\000n\000c\000h\000k\000i\000n\000T\000u\000t\000.\000c\000p\000p\000\040\000F\000i\000l\000e\000\040\000R\000e\000f\000e\000r\000e\000n\000c\000e}{chapter.7}% 274
\BOOKMARK [1][-]{section.7.25}{\376\377\0007\000.\0002\0005\000\040\000Y\000O\000L\000O\000D\000a\000t\000a\000G\000e\000n\000e\000r\000a\000t\000o\000r\000.\000c\000p\000p\000\040\000F\000i\000l\000e\000\040\000R\000e\000f\000e\000r\000e\000n\000c\000e}{chapter.7}% 275
\BOOKMARK [2][-]{subsection.7.25.1}{\376\377\0007\000.\0002\0005\000.\0001\000\040\000F\000u\000n\000c\000t\000i\000o\000n\000\040\000D\000o\000c\000u\000m\000e\000n\000t\000a\000t\000i\000o\000n}{section.7.25}% 276
\BOOKMARK [3][-]{subsubsection.7.25.1.1}{\376\377\0007\000.\0002\0005\000.\0001\000.\0001\000\040\000g\000e\000n\000e\000r\000a\000t\000e\000D\000a\000t\000a\000s\000e\000t\000N\000N\000\050\000\051}{subsection.7.25.1}% 277
\BOOKMARK [3][-]{subsubsection.7.25.1.2}{\376\377\0007\000.\0002\0005\000.\0001\000.\0002\000\040\000u\000n\000i\000n\000o\000r\000m\000\050\000\051}{subsection.7.25.1}% 278
\BOOKMARK [3][-]{subsubsection.7.25.1.3}{\376\377\0007\000.\0002\0005\000.\0001\000.\0003\000\040\000u\000n\000i\000r\000a\000n\000d\000\050\000\051}{subsection.7.25.1}% 279
\BOOKMARK [1][-]{section.7.26}{\376\377\0007\000.\0002\0006\000\040\000Y\000O\000L\000O\000D\000a\000t\000a\000G\000e\000n\000e\000r\000a\000t\000o\000r\000.\000h\000\040\000F\000i\000l\000e\000\040\000R\000e\000f\000e\000r\000e\000n\000c\000e}{chapter.7}% 280
\BOOKMARK [2][-]{subsection.7.26.1}{\376\377\0007\000.\0002\0006\000.\0001\000\040\000D\000e\000t\000a\000i\000l\000e\000d\000\040\000D\000e\000s\000c\000r\000i\000p\000t\000i\000o\000n}{section.7.26}% 281
\BOOKMARK [2][-]{subsection.7.26.2}{\376\377\0007\000.\0002\0006\000.\0002\000\040\000F\000u\000n\000c\000t\000i\000o\000n\000\040\000D\000o\000c\000u\000m\000e\000n\000t\000a\000t\000i\000o\000n}{section.7.26}% 282
\BOOKMARK [3][-]{subsubsection.7.26.2.1}{\376\377\0007\000.\0002\0006\000.\0002\000.\0001\000\040\000g\000e\000n\000e\000r\000a\000t\000e\000D\000a\000t\000a\000s\000e\000t\000N\000N\000\050\000\051}{subsection.7.26.2}% 283
\BOOKMARK [3][-]{subsubsection.7.26.2.2}{\376\377\0007\000.\0002\0006\000.\0002\000.\0002\000\040\000u\000n\000i\000n\000o\000r\000m\000\050\000\051}{subsection.7.26.2}% 284
\BOOKMARK [3][-]{subsubsection.7.26.2.3}{\376\377\0007\000.\0002\0006\000.\0002\000.\0003\000\040\000u\000n\000i\000r\000a\000n\000d\000\050\000\051}{subsection.7.26.2}% 285
\BOOKMARK [0][-]{section*.54}{\376\377\000I\000n\000d\000e\000x}{}% 286
